<?xml version="1.0" encoding="UTF-8"?>
<!-- Generated by org.testng.reporters.JUnitReportReporter -->
<testsuite hostname="LAPTOP-MDIHPIDS" failures="0" tests="3" name="Testng" time="0.021" errors="0" timestamp="26 Jun 2021 10:31:53 GMT">
  <testcase classname="Testng" name="testCase3" time="0.004"/>
  <testcase classname="Testng" name="testCase2" time="0.008"/>
  <testcase classname="Testng" name="testCase1" time="0.009"/>
</testsuite> <!-- Testng -->
