<?xml version="1.0" encoding="UTF-8"?>
<!-- Generated by org.testng.reporters.JUnitReportReporter -->
<testsuite hostname="LAPTOP-MDIHPIDS" failures="0" tests="1" name="artifactId.Testng" time="0.015" errors="0" timestamp="26 Jun 2021 10:09:16 GMT">
  <testcase classname="artifactId.Testng" name="testCase2" time="0.015"/>
</testsuite> <!-- artifactId.Testng -->
